  imgui_impl_glfw.cpp
  imgui_impl_opengl3.cpp
  imgui.cpp
  imgui_demo.cpp
  imgui_draw.cpp
  imgui_tables.cpp
  imgui_widgets.cpp
  Aplikacija.cpp
C:\Users\Jelen\Desktop\ZAVRSNI RAD\MODELIRANJE I MANIPULIRANJE 3D OBJEKATA\Aplikacija.cpp(194,33): warning C4018: '<': signed/unsigned mismatch
C:\Users\Jelen\Desktop\ZAVRSNI RAD\MODELIRANJE I MANIPULIRANJE 3D OBJEKATA\Aplikacija.cpp(202,19): warning C4244: 'initializing': conversion from 'double' to 'GLfloat', possible loss of data
C:\Users\Jelen\Desktop\ZAVRSNI RAD\MODELIRANJE I MANIPULIRANJE 3D OBJEKATA\Aplikacija.cpp(203,19): warning C4244: 'initializing': conversion from 'double' to 'GLfloat', possible loss of data
C:\Users\Jelen\Desktop\ZAVRSNI RAD\MODELIRANJE I MANIPULIRANJE 3D OBJEKATA\Aplikacija.cpp(250,29): warning C4244: '=': conversion from 'double' to 'GLfloat', possible loss of data
C:\Users\Jelen\Desktop\ZAVRSNI RAD\MODELIRANJE I MANIPULIRANJE 3D OBJEKATA\Aplikacija.cpp(251,29): warning C4244: '=': conversion from 'double' to 'GLfloat', possible loss of data
C:\Users\Jelen\Desktop\ZAVRSNI RAD\MODELIRANJE I MANIPULIRANJE 3D OBJEKATA\Aplikacija.cpp(255,33): warning C4244: 'initializing': conversion from 'double' to 'GLfloat', possible loss of data
C:\Users\Jelen\Desktop\ZAVRSNI RAD\MODELIRANJE I MANIPULIRANJE 3D OBJEKATA\Aplikacija.cpp(256,33): warning C4244: 'initializing': conversion from 'double' to 'GLfloat', possible loss of data
C:\Users\Jelen\Desktop\ZAVRSNI RAD\MODELIRANJE I MANIPULIRANJE 3D OBJEKATA\Aplikacija.cpp(258,25): warning C4244: '=': conversion from 'double' to 'GLfloat', possible loss of data
C:\Users\Jelen\Desktop\ZAVRSNI RAD\MODELIRANJE I MANIPULIRANJE 3D OBJEKATA\Aplikacija.cpp(259,25): warning C4244: '=': conversion from 'double' to 'GLfloat', possible loss of data
C:\Users\Jelen\Desktop\ZAVRSNI RAD\MODELIRANJE I MANIPULIRANJE 3D OBJEKATA\Aplikacija.cpp(354,30): warning C4244: 'initializing': conversion from 'double' to 'GLfloat', possible loss of data
C:\Users\Jelen\Desktop\ZAVRSNI RAD\MODELIRANJE I MANIPULIRANJE 3D OBJEKATA\Aplikacija.cpp(585,55): warning C4018: '<': signed/unsigned mismatch
C:\Users\Jelen\Desktop\ZAVRSNI RAD\MODELIRANJE I MANIPULIRANJE 3D OBJEKATA\Aplikacija.cpp(611,55): warning C4018: '<': signed/unsigned mismatch
C:\Users\Jelen\Desktop\ZAVRSNI RAD\MODELIRANJE I MANIPULIRANJE 3D OBJEKATA\Aplikacija.cpp(615,38): warning C4018: '>=': signed/unsigned mismatch
C:\Users\Jelen\Desktop\ZAVRSNI RAD\MODELIRANJE I MANIPULIRANJE 3D OBJEKATA\Aplikacija.cpp(645,70): warning C4244: 'argument': conversion from 'int' to 'float', possible loss of data
C:\Users\Jelen\Desktop\ZAVRSNI RAD\MODELIRANJE I MANIPULIRANJE 3D OBJEKATA\Aplikacija.cpp(645,57): warning C4244: 'argument': conversion from 'int' to 'float', possible loss of data
  main.cpp
  Generating Code...
LINK : warning LNK4098: defaultlib 'LIBCMT' conflicts with use of other libs; use /NODEFAULTLIB:library
LINK : warning LNK4098: defaultlib 'MSVCRT' conflicts with use of other libs; use /NODEFAULTLIB:library
LINK : warning LNK4217: symbol '___glewActiveTexture' defined in 'glew32s.lib(glew.obj)' is imported by 'Aplikacija.obj' in function '"public: void __thiscall MyApp::Cube::Render(class Shader &)const " (?Render@Cube@MyApp@@QBEXAAVShader@@@Z)'
LINK : warning LNK4217: symbol '___glewBindBuffer' defined in 'glew32s.lib(glew.obj)' is imported by 'Aplikacija.obj' in function '"public: void __thiscall MyApp::Cube::InitResources(void)" (?InitResources@Cube@MyApp@@QAEXXZ)'
LINK : warning LNK4217: symbol '___glewBufferData' defined in 'glew32s.lib(glew.obj)' is imported by 'Aplikacija.obj' in function '"public: void __thiscall MyApp::Cube::InitResources(void)" (?InitResources@Cube@MyApp@@QAEXXZ)'
LINK : warning LNK4217: symbol '___glewDeleteBuffers' defined in 'glew32s.lib(glew.obj)' is imported by 'Aplikacija.obj' in function '"public: void __thiscall MyApp::Cube::Cleanup(void)" (?Cleanup@Cube@MyApp@@QAEXXZ)'
LINK : warning LNK4217: symbol '___glewGenBuffers' defined in 'glew32s.lib(glew.obj)' is imported by 'Aplikacija.obj' in function '"public: void __thiscall MyApp::Cube::InitResources(void)" (?InitResources@Cube@MyApp@@QAEXXZ)'
LINK : warning LNK4217: symbol '___glewAttachShader' defined in 'glew32s.lib(glew.obj)' is imported by 'Aplikacija.obj' in function '__catch$??0Shader@@QAE@PBD0@Z$0'
LINK : warning LNK4217: symbol '___glewCompileShader' defined in 'glew32s.lib(glew.obj)' is imported by 'Aplikacija.obj' in function '__catch$??0Shader@@QAE@PBD0@Z$0'
LINK : warning LNK4217: symbol '___glewCreateProgram' defined in 'glew32s.lib(glew.obj)' is imported by 'Aplikacija.obj' in function '__catch$??0Shader@@QAE@PBD0@Z$0'
LINK : warning LNK4217: symbol '___glewCreateShader' defined in 'glew32s.lib(glew.obj)' is imported by 'Aplikacija.obj' in function '__catch$??0Shader@@QAE@PBD0@Z$0'
LINK : warning LNK4217: symbol '___glewDeleteShader' defined in 'glew32s.lib(glew.obj)' is imported by 'Aplikacija.obj' in function '__catch$??0Shader@@QAE@PBD0@Z$0'
LINK : warning LNK4217: symbol '___glewEnableVertexAttribArray' defined in 'glew32s.lib(glew.obj)' is imported by 'Aplikacija.obj' in function '"public: void __thiscall MyApp::Cube::InitResources(void)" (?InitResources@Cube@MyApp@@QAEXXZ)'
LINK : warning LNK4217: symbol '___glewGetProgramInfoLog' defined in 'glew32s.lib(glew.obj)' is imported by 'Aplikacija.obj' in function '__catch$??0Shader@@QAE@PBD0@Z$0'
LINK : warning LNK4217: symbol '___glewGetProgramiv' defined in 'glew32s.lib(glew.obj)' is imported by 'Aplikacija.obj' in function '__catch$??0Shader@@QAE@PBD0@Z$0'
LINK : warning LNK4217: symbol '___glewGetShaderInfoLog' defined in 'glew32s.lib(glew.obj)' is imported by 'Aplikacija.obj' in function '__catch$??0Shader@@QAE@PBD0@Z$0'
LINK : warning LNK4217: symbol '___glewGetShaderiv' defined in 'glew32s.lib(glew.obj)' is imported by 'Aplikacija.obj' in function '__catch$??0Shader@@QAE@PBD0@Z$0'
LINK : warning LNK4217: symbol '___glewGetUniformLocation' defined in 'glew32s.lib(glew.obj)' is imported by 'Aplikacija.obj' in function '"public: void __thiscall MyApp::Cube::Render(class Shader &)const " (?Render@Cube@MyApp@@QBEXAAVShader@@@Z)'
LINK : warning LNK4217: symbol '___glewLinkProgram' defined in 'glew32s.lib(glew.obj)' is imported by 'Aplikacija.obj' in function '__catch$??0Shader@@QAE@PBD0@Z$0'
LINK : warning LNK4217: symbol '___glewShaderSource' defined in 'glew32s.lib(glew.obj)' is imported by 'Aplikacija.obj' in function '__catch$??0Shader@@QAE@PBD0@Z$0'
LINK : warning LNK4217: symbol '___glewUniform1i' defined in 'glew32s.lib(glew.obj)' is imported by 'Aplikacija.obj' in function '"public: void __thiscall MyApp::Cube::Render(class Shader &)const " (?Render@Cube@MyApp@@QBEXAAVShader@@@Z)'
LINK : warning LNK4217: symbol '___glewUniformMatrix4fv' defined in 'glew32s.lib(glew.obj)' is imported by 'Aplikacija.obj' in function '"void __cdecl MyApp::RenderSceneToFramebuffer(void)" (?RenderSceneToFramebuffer@MyApp@@YAXXZ)'
LINK : warning LNK4217: symbol '___glewUseProgram' defined in 'glew32s.lib(glew.obj)' is imported by 'Aplikacija.obj' in function '"public: void __thiscall Shader::Use(void)" (?Use@Shader@@QAEXXZ)'
LINK : warning LNK4217: symbol '___glewVertexAttribPointer' defined in 'glew32s.lib(glew.obj)' is imported by 'Aplikacija.obj' in function '"public: void __thiscall MyApp::Cube::InitResources(void)" (?InitResources@Cube@MyApp@@QAEXXZ)'
LINK : warning LNK4217: symbol '___glewBindFramebuffer' defined in 'glew32s.lib(glew.obj)' is imported by 'Aplikacija.obj' in function '"void __cdecl MyApp::InitFramebuffer(int,int)" (?InitFramebuffer@MyApp@@YAXHH@Z)'
LINK : warning LNK4217: symbol '___glewBindRenderbuffer' defined in 'glew32s.lib(glew.obj)' is imported by 'Aplikacija.obj' in function '"void __cdecl MyApp::InitFramebuffer(int,int)" (?InitFramebuffer@MyApp@@YAXHH@Z)'
LINK : warning LNK4217: symbol '___glewCheckFramebufferStatus' defined in 'glew32s.lib(glew.obj)' is imported by 'Aplikacija.obj' in function '"void __cdecl MyApp::InitFramebuffer(int,int)" (?InitFramebuffer@MyApp@@YAXHH@Z)'
LINK : warning LNK4217: symbol '___glewDeleteFramebuffers' defined in 'glew32s.lib(glew.obj)' is imported by 'Aplikacija.obj' in function '"void __cdecl MyApp::RenderUI(struct GLFWwindow *)" (?RenderUI@MyApp@@YAXPAUGLFWwindow@@@Z)'
LINK : warning LNK4217: symbol '___glewDeleteRenderbuffers' defined in 'glew32s.lib(glew.obj)' is imported by 'Aplikacija.obj' in function '"void __cdecl MyApp::RenderUI(struct GLFWwindow *)" (?RenderUI@MyApp@@YAXPAUGLFWwindow@@@Z)'
LINK : warning LNK4217: symbol '___glewFramebufferRenderbuffer' defined in 'glew32s.lib(glew.obj)' is imported by 'Aplikacija.obj' in function '"void __cdecl MyApp::InitFramebuffer(int,int)" (?InitFramebuffer@MyApp@@YAXHH@Z)'
LINK : warning LNK4217: symbol '___glewFramebufferTexture2D' defined in 'glew32s.lib(glew.obj)' is imported by 'Aplikacija.obj' in function '"void __cdecl MyApp::InitFramebuffer(int,int)" (?InitFramebuffer@MyApp@@YAXHH@Z)'
LINK : warning LNK4217: symbol '___glewGenFramebuffers' defined in 'glew32s.lib(glew.obj)' is imported by 'Aplikacija.obj' in function '"void __cdecl MyApp::InitFramebuffer(int,int)" (?InitFramebuffer@MyApp@@YAXHH@Z)'
LINK : warning LNK4217: symbol '___glewGenRenderbuffers' defined in 'glew32s.lib(glew.obj)' is imported by 'Aplikacija.obj' in function '"void __cdecl MyApp::InitFramebuffer(int,int)" (?InitFramebuffer@MyApp@@YAXHH@Z)'
LINK : warning LNK4217: symbol '___glewGenerateMipmap' defined in 'glew32s.lib(glew.obj)' is imported by 'Aplikacija.obj' in function '"unsigned int __cdecl MyApp::LoadTexture(class std::basic_string<char,struct std::char_traits<char>,class std::allocator<char> > const &)" (?LoadTexture@MyApp@@YAIABV?$basic_string@DU?$char_traits@D@std@@V?$allocator@D@2@@std@@@Z)'
LINK : warning LNK4217: symbol '___glewRenderbufferStorage' defined in 'glew32s.lib(glew.obj)' is imported by 'Aplikacija.obj' in function '"void __cdecl MyApp::InitFramebuffer(int,int)" (?InitFramebuffer@MyApp@@YAXHH@Z)'
LINK : warning LNK4217: symbol '___glewBindVertexArray' defined in 'glew32s.lib(glew.obj)' is imported by 'Aplikacija.obj' in function '"public: void __thiscall MyApp::Cube::InitResources(void)" (?InitResources@Cube@MyApp@@QAEXXZ)'
LINK : warning LNK4217: symbol '___glewDeleteVertexArrays' defined in 'glew32s.lib(glew.obj)' is imported by 'Aplikacija.obj' in function '"public: void __thiscall MyApp::Cube::Cleanup(void)" (?Cleanup@Cube@MyApp@@QAEXXZ)'
LINK : warning LNK4217: symbol '___glewGenVertexArrays' defined in 'glew32s.lib(glew.obj)' is imported by 'Aplikacija.obj' in function '"public: void __thiscall MyApp::Cube::InitResources(void)" (?InitResources@Cube@MyApp@@QAEXXZ)'
glew32s.lib(glew.obj) : warning LNK4099: PDB 'vc120.pdb' was not found with 'glew32s.lib(glew.obj)' or at 'C:\Users\Jelen\Desktop\ZAVRSNI RAD\MODELIRANJE I MANIPULIRANJE 3D OBJEKATA\Debug\vc120.pdb'; linking object as if no debug info
  MODELIRANJE I MANIPULIRANJE 3D OBJEKATA.vcxproj -> C:\Users\Jelen\Desktop\ZAVRSNI RAD\MODELIRANJE I MANIPULIRANJE 3D OBJEKATA\Debug\MODELIRANJE I MANIPULIRANJE 3D OBJEKATA.exe
